
> panificadora-rei-dos-paes@0.1.0 desktop:dev
> concurrently -k -n NEXT,ELECTRON -c blue,magenta "next dev --turbopack" "wait-on tcp:3000 && node desktop/launch.cjs"

[ELECTRON] 
[ELECTRON] [2026-05-07T21:29:28.814Z] [env] carregado de C:\Users\EZEQUIEL\Documents\p-rojetos\panificadora\panificadora-rei-dos-paes\.env.local — 10 vars
[NEXT]    ▲ Next.js 15.5.15 (Turbopack)
[NEXT]    - Local:        http://localhost:3000
[NEXT]    - Network:      http://192.168.134.1:3000
[NEXT]    - Environments: .env.local
[NEXT]    - Experiments (use with caution):
[NEXT]      · optimizePackageImports
[NEXT] 
[NEXT]  ✓ Starting...
[NEXT]  ✓ Compiled middleware in 442ms
[NEXT]  ✓ Ready in 2.4s
[NEXT]  ○ Compiling /admin ...
[NEXT]  ✓ Compiled /admin in 13.9s
[NEXT] The width(-1) and height(-1) of chart should be greater than 0,
[NEXT]        please check the style of container, or the props width(100%) and height(100%),
[NEXT]        or add a minWidth(0) or minHeight(undefined) or use aspect(undefined) to control the
[NEXT]        height and width.
[NEXT] The width(-1) and height(-1) of chart should be greater than 0,
[NEXT]        please check the style of container, or the props width(100%) and height(100%),
[NEXT]        or add a minWidth(0) or minHeight(undefined) or use aspect(undefined) to control the
[NEXT]        height and width.
[NEXT] The width(-1) and height(-1) of chart should be greater than 0,
[NEXT]        please check the style of container, or the props width(100%) and height(100%),
[NEXT]        or add a minWidth(0) or minHeight(undefined) or use aspect(undefined) to control the
[NEXT]        height and width.
[NEXT]  GET /admin 200 in 18912ms
[NEXT]  ○ Compiling /admin/caixa ...
[NEXT]  ✓ Compiled /admin/caixa in 1717ms
[NEXT]  GET /admin/caixa 200 in 3248ms
[NEXT]  GET /admin/caixa 200 in 860ms
[NEXT]  ○ Compiling /admin/caixa/[sessaoId] ...
[NEXT]  ✓ Compiled /admin/caixa/[sessaoId] in 2.1s
[NEXT]  GET /admin/caixa/3 200 in 4879ms
[NEXT]  POST /admin/caixa/3 200 in 3203ms
[NEXT]  GET /admin/caixa/3 200 in 2169ms
[NEXT]  POST /admin/caixa/3 200 in 3584ms
[NEXT]  POST /admin/caixa/3 200 in 2849ms
[NEXT]  POST /admin/caixa/3 200 in 2784ms
[NEXT]  POST /admin/caixa/3 200 in 2877ms
[NEXT]  POST /admin/caixa/3 200 in 3158ms
[NEXT]  GET /admin/caixa/3 200 in 2150ms
[NEXT]  GET /admin/caixa/3 200 in 1684ms
[NEXT]  GET /admin/caixa/3 200 in 1614ms
[NEXT]  GET /admin/caixa/3 200 in 1676ms
[NEXT]  GET /admin/caixa/3 200 in 1546ms
[ELECTRON] wait-on tcp:3000 && node desktop/launch.cjs exited with code 0
--> Sending SIGTERM to other processes..
[NEXT] next dev --turbopack exited with code 1
